This file contains any messages produced by compilers while
running configure, to aid debugging if configure makes a mistake.

It was created by configure, which was
generated by GNU Autoconf 2.68.  Invocation command line was

  $ ./configure --enable-chardev --no-create --no-recursion

## --------- ##
## Platform. ##
## --------- ##

hostname = MM146406-PC
uname -m = i686
uname -r = 1.7.9(0.237/5/3)
uname -s = CYGWIN_NT-5.1
uname -v = 2011-03-29 10:10

/usr/bin/uname -p = unknown
/bin/uname -X     = unknown

/bin/arch              = i686
/usr/bin/arch -k       = unknown
/usr/convex/getsysinfo = unknown
/usr/bin/hostinfo      = unknown
/bin/machine           = unknown
/usr/bin/oslevel       = unknown
/bin/universe          = unknown

PATH: /usr/local/bin
PATH: /usr/bin
PATH: /cygdrive/c/oracle/product/10.2.0/client_2/BIN
PATH: /cygdrive/c/WINDOWS/system32
PATH: /cygdrive/c/WINDOWS
PATH: /cygdrive/c/WINDOWS/System32/Wbem
PATH: /cygdrive/c/WINDOWS/system32
PATH: /cygdrive/c/WINDOWS
PATH: /cygdrive/c/WINDOWS/System32/Wbem
PATH: /cygdrive/c/Program Files/Support Tools
PATH: /cygdrive/c/Program Files/Common Files/Roxio Shared/DLLShared
PATH: /cygdrive/c/WINDOWS
PATH: /cygdrive/c/WINDOWS/System32
PATH: /cygdrive/c/WINDOWS/System32/WBEM
PATH: /cygdrive/c/Program Files/Enterprise Vault/EVClient
PATH: /cygdrive/c/Program Files/ActivIdentity/ActivClient
PATH: /cygdrive/c/Program Files/TortoiseSVN/bin
PATH: /cygdrive/c/Program Files/Microsoft SQL Server/100/Tools/Binn
PATH: /cygdrive/c/Program Files/Microsoft SQL Server/100/DTS/Binn
PATH: /cygdrive/c/Program Files/MySQL/MySQL Server 5.5/bin
PATH: /cygdrive/c/tpm_provisioning/utils
PATH: /usr/lib/lapack


## ----------- ##
## Core tests. ##
## ----------- ##

configure:2286: checking for a BSD-compatible install
configure:2354: result: /usr/bin/install -c
configure:2365: checking whether build environment is sane
configure:2415: result: yes
configure:2556: checking for a thread-safe mkdir -p
configure:2595: result: /usr/bin/mkdir -p
configure:2608: checking for gawk
configure:2624: found /usr/bin/gawk
configure:2635: result: gawk
configure:2646: checking whether make sets $(MAKE)
configure:2668: result: yes
configure:2753: checking for gawk
configure:2780: result: gawk
configure:2839: checking for gcc
configure:2855: found /usr/bin/gcc
configure:2866: result: gcc
configure:3095: checking for C compiler version
configure:3104: gcc --version >&5
gcc (GCC) 4.3.4 20090804 (release) 1
Copyright (C) 2008 Free Software Foundation, Inc.
This is free software; see the source for copying conditions.  There is NO
warranty; not even for MERCHANTABILITY or FITNESS FOR A PARTICULAR PURPOSE.

configure:3115: $? = 0
configure:3104: gcc -v >&5
Using built-in specs.
Target: i686-pc-cygwin
Configured with: /gnu/gcc/releases/respins/4.3.4-4/gcc4-4.3.4-4/src/gcc-4.3.4/configure --srcdir=/gnu/gcc/releases/respins/4.3.4-4/gcc4-4.3.4-4/src/gcc-4.3.4 --prefix=/usr --exec-prefix=/usr --bindir=/usr/bin --sbindir=/usr/sbin --libexecdir=/usr/lib --datadir=/usr/share --localstatedir=/var --sysconfdir=/etc --infodir=/usr/share/info --mandir=/usr/share/man -C --datadir=/usr/share --infodir=/usr/share/info --mandir=/usr/share/man -v --with-gmp=/usr --with-mpfr=/usr --enable-bootstrap --enable-version-specific-runtime-libs --with-slibdir=/usr/bin --libexecdir=/usr/lib --enable-static --enable-shared --enable-shared-libgcc --disable-__cxa_atexit --with-gnu-ld --with-gnu-as --with-dwarf2 --disable-sjlj-exceptions --enable-languages=ada,c,c++,fortran,java,objc,obj-c++ --disable-symvers --enable-libjava --program-suffix=-4 --enable-libgomp --enable-libssp --enable-libada --enable-threads=posix --with-arch=i686 --with-tune=generic --enable-libgcj-sublibs CC=gcc-4 CXX=g++-4 CC_FOR_TARGET=gcc-4 CXX_FOR_TARGET=g++-4 GNATMAKE_FOR_TARGET=gnatmake GNATBIND_FOR_TARGET=gnatbind --with-ecj-jar=/usr/share/java/ecj.jar
Thread model: posix
gcc version 4.3.4 20090804 (release) 1 (GCC) 
configure:3115: $? = 0
configure:3104: gcc -V >&5
gcc: '-V' option must have argument
configure:3115: $? = 1
configure:3104: gcc -qversion >&5
gcc: unrecognized option '-qversion'
gcc: no input files
configure:3115: $? = 1
configure:3135: checking whether the C compiler works
configure:3157: gcc    conftest.c  >&5
configure:3161: $? = 0
configure:3209: result: yes
configure:3212: checking for C compiler default output file name
configure:3214: result: a.exe
configure:3220: checking for suffix of executables
configure:3227: gcc -o conftest.exe    conftest.c  >&5
configure:3231: $? = 0
configure:3253: result: .exe
configure:3275: checking whether we are cross compiling
configure:3283: gcc -o conftest.exe    conftest.c  >&5
configure:3287: $? = 0
configure:3294: ./conftest.exe
configure:3298: $? = 0
configure:3313: result: no
configure:3318: checking for suffix of object files
configure:3340: gcc -c   conftest.c >&5
configure:3344: $? = 0
configure:3365: result: o
configure:3369: checking whether we are using the GNU C compiler
configure:3388: gcc -c   conftest.c >&5
configure:3388: $? = 0
configure:3397: result: yes
configure:3406: checking whether gcc accepts -g
configure:3426: gcc -c -g  conftest.c >&5
configure:3426: $? = 0
configure:3467: result: yes
configure:3484: checking for gcc option to accept ISO C89
configure:3548: gcc  -c -g -O2  conftest.c >&5
configure:3548: $? = 0
configure:3561: result: none needed
configure:3592: checking for style of include used by make
configure:3620: result: GNU
configure:3645: checking dependency style of gcc
configure:3755: result: gcc3
configure:3771: checking whether ln -s works
configure:3775: result: yes
configure:3811: checking build system type
configure:3825: result: i686-pc-cygwin
configure:3845: checking host system type
configure:3858: result: i686-pc-cygwin
configure:3899: checking how to print strings
configure:3926: result: printf
configure:3947: checking for a sed that does not truncate output
configure:4011: result: /usr/bin/sed
configure:4029: checking for grep that handles long lines and -e
configure:4087: result: /usr/bin/grep
configure:4092: checking for egrep
configure:4154: result: /usr/bin/grep -E
configure:4159: checking for fgrep
configure:4221: result: /usr/bin/grep -F
configure:4256: checking for ld used by gcc
configure:4323: result: /usr/i686-pc-cygwin/bin/ld.exe
configure:4330: checking if the linker (/usr/i686-pc-cygwin/bin/ld.exe) is GNU ld
configure:4345: result: yes
configure:4357: checking for BSD- or MS-compatible name lister (nm)
configure:4406: result: /usr/bin/nm -B
configure:4536: checking the name lister (/usr/bin/nm -B) interface
configure:4543: gcc -c -g -O2  conftest.c >&5
configure:4546: /usr/bin/nm -B "conftest.o"
configure:4549: output
00000000 b .bss
00000000 d .data
00000000 N .debug_abbrev
00000000 N .debug_info
00000000 N .debug_line
00000000 N .debug_pubnames
00000000 t .text
00000000 B _some_variable
configure:4556: result: BSD nm
configure:4560: checking the maximum length of command line arguments
configure:4685: result: 8192
configure:4702: checking whether the shell understands some XSI constructs
configure:4712: result: yes
configure:4716: checking whether the shell understands "+="
configure:4722: result: yes
configure:4757: checking how to convert i686-pc-cygwin paths to i686-pc-cygwin format
configure:4797: result: func_noop_path_convert
configure:4804: checking for /usr/i686-pc-cygwin/bin/ld.exe option to reload object files
configure:4811: result: -r
configure:4880: checking for objdump
configure:4896: found /usr/bin/objdump
configure:4907: result: objdump
configure:4939: checking how to recognize dependent libraries
configure:5135: result: file_magic ^x86 archive import|^x86 DLL
configure:5195: checking for dlltool
configure:5211: found /usr/bin/dlltool
configure:5222: result: dlltool
configure:5255: checking how to associate runtime and link libraries
configure:5282: result: func_cygming_dll_for_implib
configure:5336: checking for ar
configure:5352: found /usr/bin/ar
configure:5363: result: ar
configure:5441: checking for strip
configure:5457: found /usr/bin/strip
configure:5468: result: strip
configure:5540: checking for ranlib
configure:5556: found /usr/bin/ranlib
configure:5567: result: ranlib
configure:5669: checking command to parse /usr/bin/nm -B output from gcc object
configure:5787: gcc -c -g -O2  conftest.c >&5
configure:5790: $? = 0
configure:5794: /usr/bin/nm -B conftest.o \| sed -n -e 's/^.*[ ]\([ABCDGIRSTW][ABCDGIRSTW]*\)[ ][ ]*\([_A-Za-z][_A-Za-z0-9]*\)$/\1 \2 \2/p' \> conftest.nm
configure:5797: $? = 0
cannot find nm_test_var in conftest.nm
configure:5787: gcc -c -g -O2  conftest.c >&5
configure:5790: $? = 0
configure:5794: /usr/bin/nm -B conftest.o \| sed -n -e 's/^.*[ ]\([ABCDGIRSTW][ABCDGIRSTW]*\)[ ][ ]*_\([_A-Za-z][_A-Za-z0-9]*\)$/\1 _\2 \2/p' \> conftest.nm
configure:5797: $? = 0
configure:5851: gcc -o conftest.exe -g -O2   conftest.c conftstm.o >&5
configure:5854: $? = 0
configure:5892: result: ok
configure:6701: checking how to run the C preprocessor
configure:6732: gcc -E  conftest.c
configure:6732: $? = 0
configure:6746: gcc -E  conftest.c
conftest.c:11:28: error: ac_nonexistent.h: No such file or directory
configure:6746: $? = 1
configure: failed program was:
| /* confdefs.h */
| #define PACKAGE_NAME ""
| #define PACKAGE_TARNAME ""
| #define PACKAGE_VERSION ""
| #define PACKAGE_STRING ""
| #define PACKAGE_BUGREPORT ""
| #define PACKAGE_URL ""
| #define PACKAGE "libtpm"
| #define VERSION "2.0"
| /* end confdefs.h.  */
| #include <ac_nonexistent.h>
configure:6771: result: gcc -E
configure:6791: gcc -E  conftest.c
configure:6791: $? = 0
configure:6805: gcc -E  conftest.c
conftest.c:11:28: error: ac_nonexistent.h: No such file or directory
configure:6805: $? = 1
configure: failed program was:
| /* confdefs.h */
| #define PACKAGE_NAME ""
| #define PACKAGE_TARNAME ""
| #define PACKAGE_VERSION ""
| #define PACKAGE_STRING ""
| #define PACKAGE_BUGREPORT ""
| #define PACKAGE_URL ""
| #define PACKAGE "libtpm"
| #define VERSION "2.0"
| /* end confdefs.h.  */
| #include <ac_nonexistent.h>
configure:6834: checking for ANSI C header files
configure:6854: gcc -c -g -O2  conftest.c >&5
configure:6854: $? = 0
configure:6927: gcc -o conftest.exe -g -O2   conftest.c  >&5
configure:6927: $? = 0
configure:6927: ./conftest.exe
configure:6927: $? = 0
configure:6938: result: yes
configure:6951: checking for sys/types.h
configure:6951: gcc -c -g -O2  conftest.c >&5
configure:6951: $? = 0
configure:6951: result: yes
configure:6951: checking for sys/stat.h
configure:6951: gcc -c -g -O2  conftest.c >&5
configure:6951: $? = 0
configure:6951: result: yes
configure:6951: checking for stdlib.h
configure:6951: gcc -c -g -O2  conftest.c >&5
configure:6951: $? = 0
configure:6951: result: yes
configure:6951: checking for string.h
configure:6951: gcc -c -g -O2  conftest.c >&5
configure:6951: $? = 0
configure:6951: result: yes
configure:6951: checking for memory.h
configure:6951: gcc -c -g -O2  conftest.c >&5
configure:6951: $? = 0
configure:6951: result: yes
configure:6951: checking for strings.h
configure:6951: gcc -c -g -O2  conftest.c >&5
configure:6951: $? = 0
configure:6951: result: yes
configure:6951: checking for inttypes.h
configure:6951: gcc -c -g -O2  conftest.c >&5
configure:6951: $? = 0
configure:6951: result: yes
configure:6951: checking for stdint.h
configure:6951: gcc -c -g -O2  conftest.c >&5
configure:6951: $? = 0
configure:6951: result: yes
configure:6951: checking for unistd.h
configure:6951: gcc -c -g -O2  conftest.c >&5
configure:6951: $? = 0
configure:6951: result: yes
configure:6965: checking for dlfcn.h
configure:6965: gcc -c -g -O2  conftest.c >&5
configure:6965: $? = 0
configure:6965: result: yes
configure:7152: checking for objdir
configure:7167: result: .libs
configure:7429: checking if gcc supports -fno-rtti -fno-exceptions
configure:7447: gcc -c -g -O2  -fno-rtti -fno-exceptions conftest.c >&5
cc1: warning: command line option "-fno-rtti" is valid for C++/ObjC++ but not for C
configure:7451: $? = 0
configure:7464: result: no
configure:7484: checking for gcc option to produce PIC
configure:7756: result: -DDLL_EXPORT -DPIC
configure:7768: checking if gcc PIC flag -DDLL_EXPORT -DPIC works
configure:7786: gcc -c -g -O2  -DDLL_EXPORT -DPIC -DPIC conftest.c >&5
configure:7790: $? = 0
configure:7803: result: yes
configure:7827: checking if gcc static flag -static works
configure:7855: result: no
configure:7870: checking if gcc supports -c -o file.o
configure:7891: gcc -c -g -O2  -o out/conftest2.o conftest.c >&5
configure:7895: $? = 0
configure:7917: result: yes
configure:7925: checking if gcc supports -c -o file.o
configure:7972: result: yes
configure:8005: checking whether the gcc linker (/usr/i686-pc-cygwin/bin/ld.exe) supports shared libraries
configure:9066: result: yes
configure:9103: checking whether -lc should be explicitly linked in
configure:9111: gcc -c -g -O2  conftest.c >&5
configure:9114: $? = 0
configure:9129: gcc -shared conftest.o  -v -o ./conftest -Wl,--enable-auto-image-base -Xlinker --out-implib -Xlinker conftest 2\>\&1 \| /usr/bin/grep  -lc  \>/dev/null 2\>\&1
configure:9132: $? = 1
configure:9146: result: yes
configure:9311: checking dynamic linker characteristics
configure:9975: result: Win32 ld.exe
configure:10082: checking how to hardcode library paths into programs
configure:10107: result: immediate
configure:10627: checking whether stripping libraries is possible
configure:10632: result: yes
configure:10667: checking if libtool supports shared libraries
configure:10669: result: yes
configure:10672: checking whether to build shared libraries
configure:10693: result: yes
configure:10696: checking whether to build static libraries
configure:10700: result: yes
configure:10742: checking whether to build for CCA
configure:10789: result: no
configure:10794: checking for the size of keys to support
configure:10808: result: 4096
configure:10811: checking whether to send messages to character device 
configure:10820: result: yes
configure:10829: checking whether to send messages via UnixIO socket 
configure:10838: result: no
configure:10846: checking whether to enable virtual TPM support
configure:10856: result: no
configure:10862: checking whether to use serial port
configure:10873: result: no
configure:10892: checking for ANSI C header files
configure:10996: result: yes
configure:11007: checking fcntl.h usability
configure:11007: gcc -c -g -O2  conftest.c >&5
configure:11007: $? = 0
configure:11007: result: yes
configure:11007: checking fcntl.h presence
configure:11007: gcc -E  conftest.c
configure:11007: $? = 0
configure:11007: result: yes
configure:11007: checking for fcntl.h
configure:11007: result: yes
configure:11007: checking sys/ioctl.h usability
configure:11007: gcc -c -g -O2  conftest.c >&5
configure:11007: $? = 0
configure:11007: result: yes
configure:11007: checking sys/ioctl.h presence
configure:11007: gcc -E  conftest.c
configure:11007: $? = 0
configure:11007: result: yes
configure:11007: checking for sys/ioctl.h
configure:11007: result: yes
configure:11007: checking for unistd.h
configure:11007: result: yes
configure:11018: checking for an ANSI C-conforming const
configure:11083: gcc -c -g -O2  conftest.c >&5
configure:11083: $? = 0
configure:11090: result: yes
configure:11098: checking for size_t
configure:11098: gcc -c -g -O2  conftest.c >&5
configure:11098: $? = 0
configure:11098: gcc -c -g -O2  conftest.c >&5
conftest.c: In function 'main':
conftest.c:69: error: expected expression before ')' token
configure:11098: $? = 1
configure: failed program was:
| /* confdefs.h */
| #define PACKAGE_NAME ""
| #define PACKAGE_TARNAME ""
| #define PACKAGE_VERSION ""
| #define PACKAGE_STRING ""
| #define PACKAGE_BUGREPORT ""
| #define PACKAGE_URL ""
| #define PACKAGE "libtpm"
| #define VERSION "2.0"
| #define STDC_HEADERS 1
| #define HAVE_SYS_TYPES_H 1
| #define HAVE_SYS_STAT_H 1
| #define HAVE_STDLIB_H 1
| #define HAVE_STRING_H 1
| #define HAVE_MEMORY_H 1
| #define HAVE_STRINGS_H 1
| #define HAVE_INTTYPES_H 1
| #define HAVE_STDINT_H 1
| #define HAVE_UNISTD_H 1
| #define HAVE_DLFCN_H 1
| #define LT_OBJDIR ".libs/"
| #define TPM_POSIX 1
| #define TPM_NV_DISK 1
| #define X86 1
| #define TPM_MAXIMUM_KEY_SIZE 4096
| #define TPM_USE_CHARDEV 1
| #define TPM_VTPM 1
| #define STDC_HEADERS 1
| #define HAVE_FCNTL_H 1
| #define HAVE_SYS_IOCTL_H 1
| #define HAVE_UNISTD_H 1
| /* end confdefs.h.  */
| #include <stdio.h>
| #ifdef HAVE_SYS_TYPES_H
| # include <sys/types.h>
| #endif
| #ifdef HAVE_SYS_STAT_H
| # include <sys/stat.h>
| #endif
| #ifdef STDC_HEADERS
| # include <stdlib.h>
| # include <stddef.h>
| #else
| # ifdef HAVE_STDLIB_H
| #  include <stdlib.h>
| # endif
| #endif
| #ifdef HAVE_STRING_H
| # if !defined STDC_HEADERS && defined HAVE_MEMORY_H
| #  include <memory.h>
| # endif
| # include <string.h>
| #endif
| #ifdef HAVE_STRINGS_H
| # include <strings.h>
| #endif
| #ifdef HAVE_INTTYPES_H
| # include <inttypes.h>
| #endif
| #ifdef HAVE_STDINT_H
| # include <stdint.h>
| #endif
| #ifdef HAVE_UNISTD_H
| # include <unistd.h>
| #endif
| int
| main ()
| {
| if (sizeof ((size_t)))
| 	    return 0;
|   ;
|   return 0;
| }
configure:11098: result: yes
configure:11111: checking whether gcc needs -traditional
conftest.c:33:19: error: sgtty.h: No such file or directory
configure:11145: result: no
configure:11152: checking for working memcmp
configure:11195: gcc -o conftest.exe -g -O2   conftest.c  >&5
configure:11195: $? = 0
configure:11195: ./conftest.exe
configure:11195: $? = 0
configure:11205: result: yes
configure:11214: checking for HMAC_CTX_cleanup in -lcrypto
configure:11239: gcc -o conftest.exe -g -O2   conftest.c -lcrypto   >&5
configure:11239: $? = 0
configure:11248: result: yes
configure:11450: creating ./config.status

## ---------------- ##
## Cache variables. ##
## ---------------- ##

ac_cv_build=i686-pc-cygwin
ac_cv_c_compiler_gnu=yes
ac_cv_c_const=yes
ac_cv_env_CC_set=
ac_cv_env_CC_value=
ac_cv_env_CFLAGS_set=
ac_cv_env_CFLAGS_value=
ac_cv_env_CPPFLAGS_set=
ac_cv_env_CPPFLAGS_value=
ac_cv_env_CPP_set=
ac_cv_env_CPP_value=
ac_cv_env_LDFLAGS_set=
ac_cv_env_LDFLAGS_value=
ac_cv_env_LIBS_set=
ac_cv_env_LIBS_value=
ac_cv_env_build_alias_set=
ac_cv_env_build_alias_value=
ac_cv_env_host_alias_set=
ac_cv_env_host_alias_value=
ac_cv_env_target_alias_set=
ac_cv_env_target_alias_value=
ac_cv_exeext=.exe
ac_cv_func_memcmp_working=yes
ac_cv_header_dlfcn_h=yes
ac_cv_header_fcntl_h=yes
ac_cv_header_inttypes_h=yes
ac_cv_header_memory_h=yes
ac_cv_header_stdc=yes
ac_cv_header_stdint_h=yes
ac_cv_header_stdlib_h=yes
ac_cv_header_string_h=yes
ac_cv_header_strings_h=yes
ac_cv_header_sys_ioctl_h=yes
ac_cv_header_sys_stat_h=yes
ac_cv_header_sys_types_h=yes
ac_cv_header_unistd_h=yes
ac_cv_host=i686-pc-cygwin
ac_cv_lib_crypto_HMAC_CTX_cleanup=yes
ac_cv_objext=o
ac_cv_path_EGREP='/usr/bin/grep -E'
ac_cv_path_FGREP='/usr/bin/grep -F'
ac_cv_path_GREP=/usr/bin/grep
ac_cv_path_SED=/usr/bin/sed
ac_cv_path_install='/usr/bin/install -c'
ac_cv_path_mkdir=/usr/bin/mkdir
ac_cv_prog_AWK=gawk
ac_cv_prog_CPP='gcc -E'
ac_cv_prog_ac_ct_AR=ar
ac_cv_prog_ac_ct_CC=gcc
ac_cv_prog_ac_ct_DLLTOOL=dlltool
ac_cv_prog_ac_ct_OBJDUMP=objdump
ac_cv_prog_ac_ct_RANLIB=ranlib
ac_cv_prog_ac_ct_STRIP=strip
ac_cv_prog_cc_c89=
ac_cv_prog_cc_g=yes
ac_cv_prog_gcc_traditional=no
ac_cv_prog_make_make_set=yes
ac_cv_type_size_t=yes
am_cv_CC_dependencies_compiler_type=gcc3
lt_cv_archive_cmds_need_lc=yes
lt_cv_deplibs_check_method='file_magic ^x86 archive import|^x86 DLL'
lt_cv_file_magic_cmd=func_win32_libid
lt_cv_file_magic_test_file=
lt_cv_ld_reload_flag=-r
lt_cv_nm_interface='BSD nm'
lt_cv_objdir=.libs
lt_cv_path_LD=/usr/i686-pc-cygwin/bin/ld.exe
lt_cv_path_NM='/usr/bin/nm -B'
lt_cv_prog_compiler_c_o=yes
lt_cv_prog_compiler_pic_works=yes
lt_cv_prog_compiler_rtti_exceptions=no
lt_cv_prog_compiler_static_works=no
lt_cv_prog_gnu_ld=yes
lt_cv_sharedlib_from_linklib_cmd=func_cygming_dll_for_implib
lt_cv_sys_global_symbol_pipe='sed -n -e '\''s/^.*[	 ]\([ABCDGIRSTW][ABCDGIRSTW]*\)[	 ][	 ]*_\([_A-Za-z][_A-Za-z0-9]*\)$/\1 _\2 \2/p'\'''
lt_cv_sys_global_symbol_to_c_name_address='sed -n -e '\''s/^: \([^ ]*\)[ ]*$/  {\"\1\", (void *) 0},/p'\'' -e '\''s/^[ABCDGIRSTW]* \([^ ]*\) \([^ ]*\)$/  {"\2", (void *) \&\2},/p'\'''
lt_cv_sys_global_symbol_to_c_name_address_lib_prefix='sed -n -e '\''s/^: \([^ ]*\)[ ]*$/  {\"\1\", (void *) 0},/p'\'' -e '\''s/^[ABCDGIRSTW]* \([^ ]*\) \(lib[^ ]*\)$/  {"\2", (void *) \&\2},/p'\'' -e '\''s/^[ABCDGIRSTW]* \([^ ]*\) \([^ ]*\)$/  {"lib\2", (void *) \&\2},/p'\'''
lt_cv_sys_global_symbol_to_cdecl='sed -n -e '\''s/^T .* \(.*\)$/extern int \1();/p'\'' -e '\''s/^[ABCDGIRSTW]* .* \(.*\)$/extern char \1;/p'\'''
lt_cv_sys_max_cmd_len=8192
lt_cv_to_host_path_cmd=func_noop_path_convert

## ----------------- ##
## Output variables. ##
## ----------------- ##

ACLOCAL='${SHELL} /cygdrive/c/tpmauth/libtpm/missing --run aclocal-1.11'
AMDEPBACKSLASH='\'
AMDEP_FALSE='#'
AMDEP_TRUE=''
AMTAR='${SHELL} /cygdrive/c/tpmauth/libtpm/missing --run tar'
AR='ar'
AUTOCONF='${SHELL} /cygdrive/c/tpmauth/libtpm/missing --run autoconf'
AUTOHEADER='${SHELL} /cygdrive/c/tpmauth/libtpm/missing --run autoheader'
AUTOMAKE='${SHELL} /cygdrive/c/tpmauth/libtpm/missing --run automake-1.11'
AWK='gawk'
CC='gcc'
CCDEPMODE='depmode=gcc3'
CFLAGS='-g -O2'
CPP='gcc -E'
CPPFLAGS=''
CYGPATH_W='cygpath -w'
DEFS='-DPACKAGE_NAME=\"\" -DPACKAGE_TARNAME=\"\" -DPACKAGE_VERSION=\"\" -DPACKAGE_STRING=\"\" -DPACKAGE_BUGREPORT=\"\" -DPACKAGE_URL=\"\" -DPACKAGE=\"libtpm\" -DVERSION=\"2.0\" -DSTDC_HEADERS=1 -DHAVE_SYS_TYPES_H=1 -DHAVE_SYS_STAT_H=1 -DHAVE_STDLIB_H=1 -DHAVE_STRING_H=1 -DHAVE_MEMORY_H=1 -DHAVE_STRINGS_H=1 -DHAVE_INTTYPES_H=1 -DHAVE_STDINT_H=1 -DHAVE_UNISTD_H=1 -DHAVE_DLFCN_H=1 -DLT_OBJDIR=\".libs/\" -DTPM_POSIX=1 -DTPM_NV_DISK=1 -DX86=1 -DTPM_MAXIMUM_KEY_SIZE=4096 -DTPM_USE_CHARDEV=1 -DTPM_VTPM=1 -DSTDC_HEADERS=1 -DHAVE_FCNTL_H=1 -DHAVE_SYS_IOCTL_H=1 -DHAVE_UNISTD_H=1 -DHAVE_HMAC_CTX_CLEANUP=1 -DTPM_V12=1 -DTPM_AES=1 -DTPM_USE_TAG_IN_STRUCTURE=1'
DEPDIR='.deps'
DLLTOOL='dlltool'
DSYMUTIL=''
DUMPBIN=''
ECHO_C=''
ECHO_N='-n'
ECHO_T=''
EGREP='/usr/bin/grep -E'
EXEEXT='.exe'
FGREP='/usr/bin/grep -F'
GREP='/usr/bin/grep'
INCLUDES=''
INSTALL_DATA='${INSTALL} -m 644'
INSTALL_PROGRAM='${INSTALL}'
INSTALL_SCRIPT='${INSTALL}'
INSTALL_STRIP_PROGRAM='$(install_sh) -c -s'
LD='/usr/i686-pc-cygwin/bin/ld.exe'
LDFLAGS=''
LIBOBJS=''
LIBS=''
LIBTOOL='$(SHELL) $(top_builddir)/libtool'
LIBTOOL_DEPS='./ltmain.sh'
LIPO=''
LN_S='ln -s'
LTLIBOBJS=''
MAKEINFO='${SHELL} /cygdrive/c/tpmauth/libtpm/missing --run makeinfo'
MKDIR_P='/usr/bin/mkdir -p'
NM='/usr/bin/nm -B'
NMEDIT=''
OBJDUMP='objdump'
OBJEXT='o'
OTOOL64=''
OTOOL=''
PACKAGE='libtpm'
PACKAGE_BUGREPORT=''
PACKAGE_NAME=''
PACKAGE_STRING=''
PACKAGE_TARNAME=''
PACKAGE_URL=''
PACKAGE_VERSION=''
PATH_SEPARATOR=':'
RANLIB='ranlib'
SED='/usr/bin/sed'
SET_MAKE=''
SHELL='/bin/sh'
STATIC_LINKING_FLAG=''
STRIP='strip'
TPM_MAXIMUM_KEY_SIZE=''
UDXTK_LD_LIBS=''
UDXTK_LD_PATHS=''
VERSION='2.0'
VTPM_TOOLS=''
VTPM_TOOLS_FALSE='#'
VTPM_TOOLS_TRUE=''
ac_ct_CC='gcc'
ac_ct_DUMPBIN=''
am__EXEEXT_FALSE='#'
am__EXEEXT_TRUE=''
am__fastdepCC_FALSE='#'
am__fastdepCC_TRUE=''
am__include='include'
am__isrc=''
am__leading_dot='.'
am__quote=''
am__tar='${AMTAR} chof - "$$tardir"'
am__untar='${AMTAR} xf -'
bindir='${exec_prefix}/bin'
build='i686-pc-cygwin'
build_alias=''
build_cpu='i686'
build_os='cygwin'
build_vendor='pc'
datadir='${datarootdir}'
datarootdir='${prefix}/share'
docdir='${datarootdir}/doc/${PACKAGE}'
dvidir='${docdir}'
exec_prefix='${prefix}'
host='i686-pc-cygwin'
host_alias=''
host_cpu='i686'
host_os='cygwin'
host_vendor='pc'
htmldir='${docdir}'
includedir='${prefix}/include'
infodir='${datarootdir}/info'
install_sh='${SHELL} /cygdrive/c/tpmauth/libtpm/install-sh'
libdir='${exec_prefix}/lib'
libexecdir='${exec_prefix}/libexec'
localedir='${datarootdir}/locale'
localstatedir='${prefix}/var'
mandir='${datarootdir}/man'
mkdir_p='/usr/bin/mkdir -p'
oldincludedir='/usr/include'
pdfdir='${docdir}'
prefix='/usr/local'
program_transform_name='s,x,x,'
psdir='${docdir}'
sbindir='${exec_prefix}/sbin'
sharedstatedir='${prefix}/com'
sysconfdir='${prefix}/etc'
target_alias=''
to_host_path_cmd='func_noop_path_convert'

## ----------- ##
## confdefs.h. ##
## ----------- ##

/* confdefs.h */
#define PACKAGE_NAME ""
#define PACKAGE_TARNAME ""
#define PACKAGE_VERSION ""
#define PACKAGE_STRING ""
#define PACKAGE_BUGREPORT ""
#define PACKAGE_URL ""
#define PACKAGE "libtpm"
#define VERSION "2.0"
#define STDC_HEADERS 1
#define HAVE_SYS_TYPES_H 1
#define HAVE_SYS_STAT_H 1
#define HAVE_STDLIB_H 1
#define HAVE_STRING_H 1
#define HAVE_MEMORY_H 1
#define HAVE_STRINGS_H 1
#define HAVE_INTTYPES_H 1
#define HAVE_STDINT_H 1
#define HAVE_UNISTD_H 1
#define HAVE_DLFCN_H 1
#define LT_OBJDIR ".libs/"
#define TPM_POSIX 1
#define TPM_NV_DISK 1
#define X86 1
#define TPM_MAXIMUM_KEY_SIZE 4096
#define TPM_USE_CHARDEV 1
#define TPM_VTPM 1
#define STDC_HEADERS 1
#define HAVE_FCNTL_H 1
#define HAVE_SYS_IOCTL_H 1
#define HAVE_UNISTD_H 1
#define HAVE_HMAC_CTX_CLEANUP 1
#define TPM_V12 1
#define TPM_AES 1
#define TPM_USE_TAG_IN_STRUCTURE 1

configure: exit 0

## ---------------------- ##
## Running config.status. ##
## ---------------------- ##

This file was extended by config.status, which was
generated by GNU Autoconf 2.68.  Invocation command line was

  CONFIG_FILES    = 
  CONFIG_HEADERS  = 
  CONFIG_LINKS    = 
  CONFIG_COMMANDS = 
  $ ./config.status 

on MM146406-PC

config.status:1027: creating Makefile
config.status:1027: creating lib/Makefile
config.status:1027: creating utils/Makefile
config.status:1199: executing depfiles commands
config.status:1199: executing libtool commands
